<?xml version="1.0" encoding="UTF-8"?>
<testsuite name="it.unibo.samplejavafx.AppTest" tests="1" skipped="0" failures="0" errors="0" timestamp="2021-05-10T09:10:00" hostname="DESKTOP-0LCGFI9" time="0.012">
  <properties/>
  <testcase name="testAppHasAGreeting()" classname="it.unibo.samplejavafx.AppTest" time="0.012"/>
  <system-out><![CDATA[]]></system-out>
  <system-err><![CDATA[]]></system-err>
</testsuite>
